[debug] [2024-06-16T13:37:51.663Z] ----------------------------------------------------------------------
[debug] [2024-06-16T13:37:51.666Z] Command:       C:\Program Files\nodejs\node.exe C:\Users\ABHILASH B TENGLI\AppData\Roaming\npm\node_modules\firebase-tools\lib\bin\firebase.js login
[debug] [2024-06-16T13:37:51.666Z] CLI Version:   13.11.2
[debug] [2024-06-16T13:37:51.667Z] Platform:      win32
[debug] [2024-06-16T13:37:51.667Z] Node Version:  v19.4.0
[debug] [2024-06-16T13:37:51.667Z] Time:          Sun Jun 16 2024 19:07:51 GMT+0530 (India Standard Time)
[debug] [2024-06-16T13:37:51.667Z] ----------------------------------------------------------------------
[debug] 
[debug] [2024-06-16T13:37:51.669Z] >>> [apiv2][query] GET https://firebase-public.firebaseio.com/cli.json [none]
[info] i  Firebase optionally collects CLI and Emulator Suite usage and error reporting information to help improve our products. Data is collected in accordance with Google's privacy policy (https://policies.google.com/privacy) and is not used to identify you.
 
[debug] [2024-06-16T13:37:52.453Z] <<< [apiv2][status] GET https://firebase-public.firebaseio.com/cli.json 200
[debug] [2024-06-16T13:37:52.454Z] <<< [apiv2][body] GET https://firebase-public.firebaseio.com/cli.json {"cloudBuildErrorAfter":1594252800000,"cloudBuildWarnAfter":1590019200000,"defaultNode10After":1594252800000,"minVersion":"3.0.5","node8DeploysDisabledAfter":1613390400000,"node8RuntimeDisabledAfter":1615809600000,"node8WarnAfter":1600128000000}
[info] i  To change your data collection preference at any time, run `firebase logout` and log in again. 
[info] 
[info] Visit this URL on this device to log in:
[info] https://accounts.google.com/o/oauth2/auth?client_id=563584335869-fgrhgmd47bqnekij5i8b5pr03ho849e6.apps.googleusercontent.com&scope=email%20openid%20https%3A%2F%2Fwww.googleapis.com%2Fauth%2Fcloudplatformprojects.readonly%20https%3A%2F%2Fwww.googleapis.com%2Fauth%2Ffirebase%20https%3A%2F%2Fwww.googleapis.com%2Fauth%2Fcloud-platform&response_type=code&state=550642885&redirect_uri=http%3A%2F%2Flocalhost%3A9005
[info] 
[info] Waiting for authentication...
[debug] [2024-06-16T14:38:51.400Z] ----------------------------------------------------------------------
[debug] [2024-06-16T14:38:51.410Z] Command:       C:\Program Files\nodejs\node.exe C:\Users\ABHILASH B TENGLI\AppData\Roaming\npm\node_modules\firebase-tools\lib\bin\firebase.js login
[debug] [2024-06-16T14:38:51.410Z] CLI Version:   13.11.2
[debug] [2024-06-16T14:38:51.410Z] Platform:      win32
[debug] [2024-06-16T14:38:51.411Z] Node Version:  v19.4.0
[debug] [2024-06-16T14:38:51.411Z] Time:          Sun Jun 16 2024 20:08:51 GMT+0530 (India Standard Time)
[debug] [2024-06-16T14:38:51.411Z] ----------------------------------------------------------------------
[debug] 
[info] i  Firebase optionally collects CLI and Emulator Suite usage and error reporting information to help improve our products. Data is collected in accordance with Google's privacy policy (https://policies.google.com/privacy) and is not used to identify you.
 
[info] i  To change your data collection preference at any time, run `firebase logout` and log in again. 
[info] 
[info] Visit this URL on this device to log in:
[info] https://accounts.google.com/o/oauth2/auth?client_id=563584335869-fgrhgmd47bqnekij5i8b5pr03ho849e6.apps.googleusercontent.com&scope=email%20openid%20https%3A%2F%2Fwww.googleapis.com%2Fauth%2Fcloudplatformprojects.readonly%20https%3A%2F%2Fwww.googleapis.com%2Fauth%2Ffirebase%20https%3A%2F%2Fwww.googleapis.com%2Fauth%2Fcloud-platform&response_type=code&state=35907998&redirect_uri=http%3A%2F%2Flocalhost%3A9006
[info] 
[info] Waiting for authentication...
